# JRE version: Java(TM) SE Runtime Environment (21.0.2+13) (build 21.0.2+13-LTS-58)
# Java VM: Java HotSpot(TM) 64-Bit Server VM (21.0.2+13-LTS-58, mixed mode, sharing, tiered, compressed oops, compressed class ptrs, g1 gc, windows-amd64)
GC Precious Log:
 CardTable entry size: 512
 Card Set container configuration: InlinePtr #cards 5 size 8 Array Of Cards #cards 12 size 40 Howl #buckets 4 coarsen threshold 1843 Howl Bitmap #cards 512 size 80 coarsen threshold 460 Card regions per heap region 1 cards per card region 2048
 CPUs: 12 total, 12 available
 Memory: 7532M
 Large Page Support: Disabled
 NUMA Support: Disabled
 Compressed Oops: Enabled (32-bit)
 Heap Region Size: 1M
 Heap Min Capacity: 256M
 Heap Initial Capacity: 256M
 Heap Max Capacity: 512M
 Pre-touch: Disabled
 Parallel Workers: 10
 Concurrent Workers: 3
 Concurrent Refinement Workers: 10
 Periodic GC: Disabled
Heap:
 garbage-first heap   total 262144K, used 52553K [0x00000000e0000000, 0x0000000100000000)
  region size 1024K, 29 young (29696K), 16 survivors (16384K)
 Metaspace       used 41257K, committed 42496K, reserved 393216K
  class space    used 5881K, committed 6464K, reserved 327680K
GC Heap History (16 events):
Event: 1.387 GC heap before
{Heap before GC invocations=0 (full 0):
 garbage-first heap   total 262144K, used 27648K [0x00000000e0000000, 0x0000000100000000)
  region size 1024K, 23 young (23552K), 0 survivors (0K)
 Metaspace       used 2217K, committed 2368K, reserved 393216K
  class space    used 241K, committed 320K, reserved 327680K
}
Event: 1.400 GC heap after
{Heap after GC invocations=1 (full 0):
 garbage-first heap   total 262144K, used 10746K [0x00000000e0000000, 0x0000000100000000)
  region size 1024K, 3 young (3072K), 3 survivors (3072K)
 Metaspace       used 2217K, committed 2368K, reserved 393216K
  class space    used 241K, committed 320K, reserved 327680K
}
Event: 2.624 GC heap before
{Heap before GC invocations=1 (full 0):
 garbage-first heap   total 262144K, used 39418K [0x00000000e0000000, 0x0000000100000000)
  region size 1024K, 31 young (31744K), 3 survivors (3072K)
 Metaspace       used 4169K, committed 4416K, reserved 393216K
  class space    used 518K, committed 640K, reserved 327680K
}
Event: 2.630 GC heap after
{Heap after GC invocations=2 (full 0):
 garbage-first heap   total 262144K, used 12244K [0x00000000e0000000, 0x0000000100000000)
  region size 1024K, 2 young (2048K), 2 survivors (2048K)
 Metaspace       used 4169K, committed 4416K, reserved 393216K
  class space    used 518K, committed 640K, reserved 327680K
}
Event: 11.330 GC heap before
{Heap before GC invocations=2 (full 0):
 garbage-first heap   total 262144K, used 127956K [0x00000000e0000000, 0x0000000100000000)
  region size 1024K, 113 young (115712K), 2 survivors (2048K)
 Metaspace       used 20656K, committed 21248K, reserved 393216K
  class space    used 2988K, committed 3264K, reserved 327680K
}
Event: 11.366 GC heap after
{Heap after GC invocations=3 (full 0):
 garbage-first heap   total 262144K, used 24087K [0x00000000e0000000, 0x0000000100000000)
  region size 1024K, 12 young (12288K), 12 survivors (12288K)
 Metaspace       used 20656K, committed 21248K, reserved 393216K
  class space    used 2988K, committed 3264K, reserved 327680K
}
Event: 11.709 GC heap before
{Heap before GC invocations=3 (full 0):
 garbage-first heap   total 262144K, used 27159K [0x00000000e0000000, 0x0000000100000000)
  region size 1024K, 16 young (16384K), 12 survivors (12288K)
 Metaspace       used 20903K, committed 21504K, reserved 393216K
  class space    used 3027K, committed 3328K, reserved 327680K
}
Event: 11.724 GC heap after
{Heap after GC invocations=4 (full 0):
 garbage-first heap   total 262144K, used 25443K [0x00000000e0000000, 0x0000000100000000)
  region size 1024K, 2 young (2048K), 2 survivors (2048K)
 Metaspace       used 20903K, committed 21504K, reserved 393216K
  class space    used 3027K, committed 3328K, reserved 327680K
}
Event: 15.502 GC heap before
{Heap before GC invocations=5 (full 0):
 garbage-first heap   total 262144K, used 113507K [0x00000000e0000000, 0x0000000100000000)
  region size 1024K, 90 young (92160K), 2 survivors (2048K)
 Metaspace       used 35040K, committed 36160K, reserved 393216K
  class space    used 5082K, committed 5632K, reserved 327680K
}
Event: 15.509 GC heap after
{Heap after GC invocations=6 (full 0):
 garbage-first heap   total 262144K, used 30488K [0x00000000e0000000, 0x0000000100000000)
  region size 1024K, 7 young (7168K), 7 survivors (7168K)
 Metaspace       used 35040K, committed 36160K, reserved 393216K
  class space    used 5082K, committed 5632K, reserved 327680K
}
Event: 15.636 GC heap before
{Heap before GC invocations=6 (full 0):
 garbage-first heap   total 262144K, used 33560K [0x00000000e0000000, 0x0000000100000000)
  region size 1024K, 11 young (11264K), 7 survivors (7168K)
 Metaspace       used 35248K, committed 36480K, reserved 393216K
  class space    used 5102K, committed 5760K, reserved 327680K
}
Event: 15.649 GC heap after
{Heap after GC invocations=7 (full 0):
 garbage-first heap   total 262144K, used 31522K [0x00000000e0000000, 0x0000000100000000)
  region size 1024K, 8 young (8192K), 8 survivors (8192K)
 Metaspace       used 35248K, committed 36480K, reserved 393216K
  class space    used 5102K, committed 5760K, reserved 327680K
}
Event: 16.106 GC heap before
{Heap before GC invocations=7 (full 0):
 garbage-first heap   total 262144K, used 53026K [0x00000000e0000000, 0x0000000100000000)
  region size 1024K, 30 young (30720K), 8 survivors (8192K)
 Metaspace       used 35555K, committed 36800K, reserved 393216K
  class space    used 5119K, committed 5760K, reserved 327680K
}
Event: 16.116 GC heap after
{Heap after GC invocations=8 (full 0):
 garbage-first heap   total 262144K, used 32298K [0x00000000e0000000, 0x0000000100000000)
  region size 1024K, 9 young (9216K), 9 survivors (9216K)
 Metaspace       used 35555K, committed 36800K, reserved 393216K
  class space    used 5119K, committed 5760K, reserved 327680K
}
Event: 21.657 GC heap before
{Heap before GC invocations=9 (full 0):
 garbage-first heap   total 262144K, used 183850K [0x00000000e0000000, 0x0000000100000000)
  region size 1024K, 153 young (156672K), 9 survivors (9216K)
 Metaspace       used 40462K, committed 41728K, reserved 393216K
  class space    used 5775K, committed 6400K, reserved 327680K
}
Event: 21.687 GC heap after
{Heap after GC invocations=10 (full 0):
 garbage-first heap   total 262144K, used 40265K [0x00000000e0000000, 0x0000000100000000)
  region size 1024K, 16 young (16384K), 16 survivors (16384K)
 Metaspace       used 40462K, committed 41728K, reserved 393216K
  class space    used 5775K, committed 6400K, reserved 327680K
}

