# JRE version: Java(TM) SE Runtime Environment (21.0.2+13) (build 21.0.2+13-LTS-58)
# Java VM: Java HotSpot(TM) 64-Bit Server VM (21.0.2+13-LTS-58, mixed mode, sharing, tiered, compressed oops, compressed class ptrs, g1 gc, windows-amd64)
GC Precious Log:
 CardTable entry size: 512
 Card Set container configuration: InlinePtr #cards 5 size 8 Array Of Cards #cards 12 size 40 Howl #buckets 4 coarsen threshold 1843 Howl Bitmap #cards 512 size 80 coarsen threshold 460 Card regions per heap region 1 cards per card region 2048
 CPUs: 12 total, 12 available
 Memory: 7532M
 Large Page Support: Disabled
 NUMA Support: Disabled
 Compressed Oops: Enabled (32-bit)
 Heap Region Size: 1M
 Heap Min Capacity: 256M
 Heap Initial Capacity: 256M
 Heap Max Capacity: 512M
 Pre-touch: Disabled
 Parallel Workers: 10
 Concurrent Workers: 3
 Concurrent Refinement Workers: 10
 Periodic GC: Disabled
Heap:
 garbage-first heap   total 262144K, used 76537K [0x00000000e0000000, 0x0000000100000000)
  region size 1024K, 53 young (54272K), 18 survivors (18432K)
 Metaspace       used 44252K, committed 45504K, reserved 393216K
  class space    used 6170K, committed 6784K, reserved 327680K
GC Heap History (16 events):
Event: 1.514 GC heap before
{Heap before GC invocations=0 (full 0):
 garbage-first heap   total 262144K, used 26624K [0x00000000e0000000, 0x0000000100000000)
  region size 1024K, 23 young (23552K), 0 survivors (0K)
 Metaspace       used 2479K, committed 2688K, reserved 393216K
  class space    used 280K, committed 384K, reserved 327680K
}
Event: 1.523 GC heap after
{Heap after GC invocations=1 (full 0):
 garbage-first heap   total 262144K, used 10992K [0x00000000e0000000, 0x0000000100000000)
  region size 1024K, 3 young (3072K), 3 survivors (3072K)
 Metaspace       used 2479K, committed 2688K, reserved 393216K
  class space    used 280K, committed 384K, reserved 327680K
}
Event: 2.680 GC heap before
{Heap before GC invocations=1 (full 0):
 garbage-first heap   total 262144K, used 38640K [0x00000000e0000000, 0x0000000100000000)
  region size 1024K, 31 young (31744K), 3 survivors (3072K)
 Metaspace       used 4197K, committed 4416K, reserved 393216K
  class space    used 519K, committed 640K, reserved 327680K
}
Event: 2.686 GC heap after
{Heap after GC invocations=2 (full 0):
 garbage-first heap   total 262144K, used 12172K [0x00000000e0000000, 0x0000000100000000)
  region size 1024K, 2 young (2048K), 2 survivors (2048K)
 Metaspace       used 4197K, committed 4416K, reserved 393216K
  class space    used 519K, committed 640K, reserved 327680K
}
Event: 8.658 GC heap before
{Heap before GC invocations=2 (full 0):
 garbage-first heap   total 262144K, used 110476K [0x00000000e0000000, 0x0000000100000000)
  region size 1024K, 96 young (98304K), 2 survivors (2048K)
 Metaspace       used 18339K, committed 18944K, reserved 393216K
  class space    used 2605K, committed 2880K, reserved 327680K
}
Event: 8.701 GC heap after
{Heap after GC invocations=3 (full 0):
 garbage-first heap   total 262144K, used 22942K [0x00000000e0000000, 0x0000000100000000)
  region size 1024K, 11 young (11264K), 11 survivors (11264K)
 Metaspace       used 18339K, committed 18944K, reserved 393216K
  class space    used 2605K, committed 2880K, reserved 327680K
}
Event: 10.825 GC heap before
{Heap before GC invocations=3 (full 0):
 garbage-first heap   total 262144K, used 43422K [0x00000000e0000000, 0x0000000100000000)
  region size 1024K, 32 young (32768K), 11 survivors (11264K)
 Metaspace       used 20895K, committed 21504K, reserved 393216K
  class space    used 3024K, committed 3328K, reserved 327680K
}
Event: 10.839 GC heap after
{Heap after GC invocations=4 (full 0):
 garbage-first heap   total 262144K, used 25068K [0x00000000e0000000, 0x0000000100000000)
  region size 1024K, 12 young (12288K), 12 survivors (12288K)
 Metaspace       used 20895K, committed 21504K, reserved 393216K
  class space    used 3024K, committed 3328K, reserved 327680K
}
Event: 14.896 GC heap before
{Heap before GC invocations=5 (full 0):
 garbage-first heap   total 262144K, used 138732K [0x00000000e0000000, 0x0000000100000000)
  region size 1024K, 125 young (128000K), 12 survivors (12288K)
 Metaspace       used 35511K, committed 36736K, reserved 393216K
  class space    used 5114K, committed 5760K, reserved 327680K
}
Event: 14.919 GC heap after
{Heap after GC invocations=6 (full 0):
 garbage-first heap   total 262144K, used 33676K [0x00000000e0000000, 0x0000000100000000)
  region size 1024K, 11 young (11264K), 11 survivors (11264K)
 Metaspace       used 35511K, committed 36736K, reserved 393216K
  class space    used 5114K, committed 5760K, reserved 327680K
}
Event: 14.990 GC heap before
{Heap before GC invocations=6 (full 0):
 garbage-first heap   total 262144K, used 35724K [0x00000000e0000000, 0x0000000100000000)
  region size 1024K, 14 young (14336K), 11 survivors (11264K)
 Metaspace       used 35828K, committed 37056K, reserved 393216K
  class space    used 5161K, committed 5760K, reserved 327680K
}
Event: 15.000 GC heap after
{Heap after GC invocations=7 (full 0):
 garbage-first heap   total 262144K, used 33179K [0x00000000e0000000, 0x0000000100000000)
  region size 1024K, 10 young (10240K), 10 survivors (10240K)
 Metaspace       used 35828K, committed 37056K, reserved 393216K
  class space    used 5161K, committed 5760K, reserved 327680K
}
Event: 15.097 GC heap before
{Heap before GC invocations=7 (full 0):
 garbage-first heap   total 262144K, used 40347K [0x00000000e0000000, 0x0000000100000000)
  region size 1024K, 14 young (14336K), 10 survivors (10240K)
 Metaspace       used 36111K, committed 37376K, reserved 393216K
  class space    used 5169K, committed 5824K, reserved 327680K
}
Event: 15.108 GC heap after
{Heap after GC invocations=8 (full 0):
 garbage-first heap   total 262144K, used 35430K [0x00000000e0000000, 0x0000000100000000)
  region size 1024K, 10 young (10240K), 10 survivors (10240K)
 Metaspace       used 36111K, committed 37376K, reserved 393216K
  class space    used 5169K, committed 5824K, reserved 327680K
}
Event: 19.311 GC heap before
{Heap before GC invocations=9 (full 0):
 garbage-first heap   total 262144K, used 180838K [0x00000000e0000000, 0x0000000100000000)
  region size 1024K, 153 young (156672K), 10 survivors (10240K)
 Metaspace       used 40422K, committed 41664K, reserved 393216K
  class space    used 5772K, committed 6400K, reserved 327680K
}
Event: 19.342 GC heap after
{Heap after GC invocations=10 (full 0):
 garbage-first heap   total 262144K, used 41721K [0x00000000e0000000, 0x0000000100000000)
  region size 1024K, 18 young (18432K), 18 survivors (18432K)
 Metaspace       used 40422K, committed 41664K, reserved 393216K
  class space    used 5772K, committed 6400K, reserved 327680K
}

