# JRE version: Java(TM) SE Runtime Environment (21.0.2+13) (build 21.0.2+13-LTS-58)
# Java VM: Java HotSpot(TM) 64-Bit Server VM (21.0.2+13-LTS-58, mixed mode, sharing, tiered, compressed oops, compressed class ptrs, g1 gc, windows-amd64)
GC Precious Log:
 CardTable entry size: 512
 Card Set container configuration: InlinePtr #cards 5 size 8 Array Of Cards #cards 12 size 40 Howl #buckets 4 coarsen threshold 1843 Howl Bitmap #cards 512 size 80 coarsen threshold 460 Card regions per heap region 1 cards per card region 2048
 CPUs: 12 total, 12 available
 Memory: 7532M
 Large Page Support: Disabled
 NUMA Support: Disabled
 Compressed Oops: Enabled (32-bit)
 Heap Region Size: 1M
 Heap Min Capacity: 256M
 Heap Initial Capacity: 256M
 Heap Max Capacity: 512M
 Pre-touch: Disabled
 Parallel Workers: 10
 Concurrent Workers: 3
 Concurrent Refinement Workers: 10
 Periodic GC: Disabled
Heap:
 garbage-first heap   total 262144K, used 128622K [0x00000000e0000000, 0x0000000100000000)
  region size 1024K, 67 young (68608K), 11 survivors (11264K)
 Metaspace       used 47333K, committed 48768K, reserved 393216K
  class space    used 6575K, committed 7296K, reserved 327680K
GC Heap History (20 events):
Event: 57.676 GC heap before
{Heap before GC invocations=33 (full 0):
 garbage-first heap   total 262144K, used 209512K [0x00000000e0000000, 0x0000000100000000)
  region size 1024K, 153 young (156672K), 12 survivors (12288K)
 Metaspace       used 47313K, committed 48768K, reserved 393216K
  class space    used 6575K, committed 7296K, reserved 327680K
}
Event: 57.686 GC heap after
{Heap after GC invocations=34 (full 0):
 garbage-first heap   total 262144K, used 64992K [0x00000000e0000000, 0x0000000100000000)
  region size 1024K, 11 young (11264K), 11 survivors (11264K)
 Metaspace       used 47313K, committed 48768K, reserved 393216K
  class space    used 6575K, committed 7296K, reserved 327680K
}
Event: 58.033 GC heap before
{Heap before GC invocations=34 (full 0):
 garbage-first heap   total 262144K, used 210400K [0x00000000e0000000, 0x0000000100000000)
  region size 1024K, 153 young (156672K), 11 survivors (11264K)
 Metaspace       used 47315K, committed 48768K, reserved 393216K
  class space    used 6575K, committed 7296K, reserved 327680K
}
Event: 58.046 GC heap after
{Heap after GC invocations=35 (full 0):
 garbage-first heap   total 262144K, used 65997K [0x00000000e0000000, 0x0000000100000000)
  region size 1024K, 11 young (11264K), 11 survivors (11264K)
 Metaspace       used 47315K, committed 48768K, reserved 393216K
  class space    used 6575K, committed 7296K, reserved 327680K
}
Event: 58.520 GC heap before
{Heap before GC invocations=35 (full 0):
 garbage-first heap   total 262144K, used 211405K [0x00000000e0000000, 0x0000000100000000)
  region size 1024K, 153 young (156672K), 11 survivors (11264K)
 Metaspace       used 47315K, committed 48768K, reserved 393216K
  class space    used 6575K, committed 7296K, reserved 327680K
}
Event: 58.536 GC heap after
{Heap after GC invocations=36 (full 0):
 garbage-first heap   total 262144K, used 66676K [0x00000000e0000000, 0x0000000100000000)
  region size 1024K, 11 young (11264K), 11 survivors (11264K)
 Metaspace       used 47315K, committed 48768K, reserved 393216K
  class space    used 6575K, committed 7296K, reserved 327680K
}
Event: 58.855 GC heap before
{Heap before GC invocations=36 (full 0):
 garbage-first heap   total 262144K, used 212084K [0x00000000e0000000, 0x0000000100000000)
  region size 1024K, 153 young (156672K), 11 survivors (11264K)
 Metaspace       used 47315K, committed 48768K, reserved 393216K
  class space    used 6575K, committed 7296K, reserved 327680K
}
Event: 58.871 GC heap after
{Heap after GC invocations=37 (full 0):
 garbage-first heap   total 262144K, used 67692K [0x00000000e0000000, 0x0000000100000000)
  region size 1024K, 12 young (12288K), 12 survivors (12288K)
 Metaspace       used 47315K, committed 48768K, reserved 393216K
  class space    used 6575K, committed 7296K, reserved 327680K
}
Event: 59.274 GC heap before
{Heap before GC invocations=37 (full 0):
 garbage-first heap   total 262144K, used 212076K [0x00000000e0000000, 0x0000000100000000)
  region size 1024K, 153 young (156672K), 12 survivors (12288K)
 Metaspace       used 47320K, committed 48768K, reserved 393216K
  class space    used 6575K, committed 7296K, reserved 327680K
}
Event: 59.288 GC heap after
{Heap after GC invocations=38 (full 0):
 garbage-first heap   total 262144K, used 68573K [0x00000000e0000000, 0x0000000100000000)
  region size 1024K, 12 young (12288K), 12 survivors (12288K)
 Metaspace       used 47320K, committed 48768K, reserved 393216K
  class space    used 6575K, committed 7296K, reserved 327680K
}
Event: 59.888 GC heap before
{Heap before GC invocations=38 (full 0):
 garbage-first heap   total 262144K, used 212957K [0x00000000e0000000, 0x0000000100000000)
  region size 1024K, 153 young (156672K), 12 survivors (12288K)
 Metaspace       used 47326K, committed 48768K, reserved 393216K
  class space    used 6575K, committed 7296K, reserved 327680K
}
Event: 59.907 GC heap after
{Heap after GC invocations=39 (full 0):
 garbage-first heap   total 262144K, used 69858K [0x00000000e0000000, 0x0000000100000000)
  region size 1024K, 12 young (12288K), 12 survivors (12288K)
 Metaspace       used 47326K, committed 48768K, reserved 393216K
  class space    used 6575K, committed 7296K, reserved 327680K
}
Event: 60.644 GC heap before
{Heap before GC invocations=39 (full 0):
 garbage-first heap   total 262144K, used 215266K [0x00000000e0000000, 0x0000000100000000)
  region size 1024K, 153 young (156672K), 12 survivors (12288K)
 Metaspace       used 47329K, committed 48768K, reserved 393216K
  class space    used 6575K, committed 7296K, reserved 327680K
}
Event: 60.657 GC heap after
{Heap after GC invocations=40 (full 0):
 garbage-first heap   total 262144K, used 70702K [0x00000000e0000000, 0x0000000100000000)
  region size 1024K, 12 young (12288K), 12 survivors (12288K)
 Metaspace       used 47329K, committed 48768K, reserved 393216K
  class space    used 6575K, committed 7296K, reserved 327680K
}
Event: 61.153 GC heap before
{Heap before GC invocations=40 (full 0):
 garbage-first heap   total 262144K, used 215086K [0x00000000e0000000, 0x0000000100000000)
  region size 1024K, 153 young (156672K), 12 survivors (12288K)
 Metaspace       used 47329K, committed 48768K, reserved 393216K
  class space    used 6575K, committed 7296K, reserved 327680K
}
Event: 61.167 GC heap after
{Heap after GC invocations=41 (full 0):
 garbage-first heap   total 262144K, used 73098K [0x00000000e0000000, 0x0000000100000000)
  region size 1024K, 14 young (14336K), 14 survivors (14336K)
 Metaspace       used 47329K, committed 48768K, reserved 393216K
  class space    used 6575K, committed 7296K, reserved 327680K
}
Event: 61.597 GC heap before
{Heap before GC invocations=41 (full 0):
 garbage-first heap   total 262144K, used 215434K [0x00000000e0000000, 0x0000000100000000)
  region size 1024K, 153 young (156672K), 14 survivors (14336K)
 Metaspace       used 47330K, committed 48768K, reserved 393216K
  class space    used 6575K, committed 7296K, reserved 327680K
}
Event: 61.611 GC heap after
{Heap after GC invocations=42 (full 0):
 garbage-first heap   total 262144K, used 71753K [0x00000000e0000000, 0x0000000100000000)
  region size 1024K, 11 young (11264K), 11 survivors (11264K)
 Metaspace       used 47330K, committed 48768K, reserved 393216K
  class space    used 6575K, committed 7296K, reserved 327680K
}
Event: 62.023 GC heap before
{Heap before GC invocations=42 (full 0):
 garbage-first heap   total 262144K, used 217161K [0x00000000e0000000, 0x0000000100000000)
  region size 1024K, 153 young (156672K), 11 survivors (11264K)
 Metaspace       used 47333K, committed 48768K, reserved 393216K
  class space    used 6575K, committed 7296K, reserved 327680K
}
Event: 62.036 GC heap after
{Heap after GC invocations=43 (full 0):
 garbage-first heap   total 262144K, used 72302K [0x00000000e0000000, 0x0000000100000000)
  region size 1024K, 11 young (11264K), 11 survivors (11264K)
 Metaspace       used 47333K, committed 48768K, reserved 393216K
  class space    used 6575K, committed 7296K, reserved 327680K
}

