# JRE version: Java(TM) SE Runtime Environment (21.0.2+13) (build 21.0.2+13-LTS-58)
# Java VM: Java HotSpot(TM) 64-Bit Server VM (21.0.2+13-LTS-58, mixed mode, sharing, tiered, compressed oops, compressed class ptrs, g1 gc, windows-amd64)
GC Precious Log:
 CardTable entry size: 512
 Card Set container configuration: InlinePtr #cards 5 size 8 Array Of Cards #cards 12 size 40 Howl #buckets 4 coarsen threshold 1843 Howl Bitmap #cards 512 size 80 coarsen threshold 460 Card regions per heap region 1 cards per card region 2048
 CPUs: 12 total, 12 available
 Memory: 7532M
 Large Page Support: Disabled
 NUMA Support: Disabled
 Compressed Oops: Enabled (32-bit)
 Heap Region Size: 1M
 Heap Min Capacity: 256M
 Heap Initial Capacity: 256M
 Heap Max Capacity: 512M
 Pre-touch: Disabled
 Parallel Workers: 10
 Concurrent Workers: 3
 Concurrent Refinement Workers: 10
 Periodic GC: Disabled
Heap:
 garbage-first heap   total 262144K, used 106419K [0x00000000e0000000, 0x0000000100000000)
  region size 1024K, 94 young (96256K), 12 survivors (12288K)
 Metaspace       used 33434K, committed 34624K, reserved 393216K
  class space    used 4895K, committed 5440K, reserved 327680K
GC Heap History (8 events):
Event: 2.902 GC heap before
{Heap before GC invocations=0 (full 0):
 garbage-first heap   total 262144K, used 26624K [0x00000000e0000000, 0x0000000100000000)
  region size 1024K, 23 young (23552K), 0 survivors (0K)
 Metaspace       used 2246K, committed 2432K, reserved 393216K
  class space    used 248K, committed 320K, reserved 327680K
}
Event: 2.955 GC heap after
{Heap after GC invocations=1 (full 0):
 garbage-first heap   total 262144K, used 10573K [0x00000000e0000000, 0x0000000100000000)
  region size 1024K, 3 young (3072K), 3 survivors (3072K)
 Metaspace       used 2246K, committed 2432K, reserved 393216K
  class space    used 248K, committed 320K, reserved 327680K
}
Event: 5.244 GC heap before
{Heap before GC invocations=1 (full 0):
 garbage-first heap   total 262144K, used 39245K [0x00000000e0000000, 0x0000000100000000)
  region size 1024K, 31 young (31744K), 3 survivors (3072K)
 Metaspace       used 4205K, committed 4480K, reserved 393216K
  class space    used 517K, committed 640K, reserved 327680K
}
Event: 5.249 GC heap after
{Heap after GC invocations=2 (full 0):
 garbage-first heap   total 262144K, used 11741K [0x00000000e0000000, 0x0000000100000000)
  region size 1024K, 2 young (2048K), 2 survivors (2048K)
 Metaspace       used 4205K, committed 4480K, reserved 393216K
  class space    used 517K, committed 640K, reserved 327680K
}
Event: 9.530 GC heap before
{Heap before GC invocations=2 (full 0):
 garbage-first heap   total 262144K, used 119261K [0x00000000e0000000, 0x0000000100000000)
  region size 1024K, 106 young (108544K), 2 survivors (2048K)
 Metaspace       used 19679K, committed 20288K, reserved 393216K
  class space    used 2827K, committed 3072K, reserved 327680K
}
Event: 9.550 GC heap after
{Heap after GC invocations=3 (full 0):
 garbage-first heap   total 262144K, used 23521K [0x00000000e0000000, 0x0000000100000000)
  region size 1024K, 12 young (12288K), 12 survivors (12288K)
 Metaspace       used 19679K, committed 20288K, reserved 393216K
  class space    used 2827K, committed 3072K, reserved 327680K
}
Event: 9.896 GC heap before
{Heap before GC invocations=3 (full 0):
 garbage-first heap   total 262144K, used 34785K [0x00000000e0000000, 0x0000000100000000)
  region size 1024K, 24 young (24576K), 12 survivors (12288K)
 Metaspace       used 20862K, committed 21504K, reserved 393216K
  class space    used 3023K, committed 3328K, reserved 327680K
}
Event: 9.914 GC heap after
{Heap after GC invocations=4 (full 0):
 garbage-first heap   total 262144K, used 24499K [0x00000000e0000000, 0x0000000100000000)
  region size 1024K, 12 young (12288K), 12 survivors (12288K)
 Metaspace       used 20862K, committed 21504K, reserved 393216K
  class space    used 3023K, committed 3328K, reserved 327680K
}

